MyComfort/app/build/intermediates/manifest_merge_blame_file/release/manifest-merger-blame-release-report.txt
1<?xml version="1.0" encoding="utf-8"?>
2<manifest xmlns:android="http://schemas.android.com/apk/res/android"
3    package="com.example.mycomfort"
4    android:versionCode="1"
5    android:versionName="1.0" >
6
7    <uses-sdk
8        android:minSdkVersion="16"
8-->src\main\AndroidManifest.xml
9        android:targetSdkVersion="30" />
9-->src\main\AndroidManifest.xml
10
11    <!-- Although the *SdkVersion is captured in gradle build files, this is required for non gradle builds -->
12    <!-- <uses-sdk android:minSdkVersion="14"/> -->
13    <uses-permission android:name="android.permission.ACCESS_NETWORK_STATE" />
13-->[com.google.firebase:firebase-database:20.0.0] AndroidManifest.xml:25:5-79
13-->[com.google.firebase:firebase-database:20.0.0] AndroidManifest.xml:25:22-76
14    <uses-permission android:name="android.permission.INTERNET" />
14-->[com.google.firebase:firebase-database:20.0.0] AndroidManifest.xml:26:5-67
14-->[com.google.firebase:firebase-database:20.0.0] AndroidManifest.xml:26:22-64
15    <uses-permission android:name="android.permission.WAKE_LOCK" />
15-->[com.google.android.gms:play-services-measurement:19.0.0] AndroidManifest.xml:25:5-68
15-->[com.google.android.gms:play-services-measurement:19.0.0] AndroidManifest.xml:25:22-65
16    <uses-permission android:name="com.google.android.finsky.permission.BIND_GET_INSTALL_REFERRER_SERVICE" />
16-->[com.google.android.gms:play-services-measurement:19.0.0] AndroidManifest.xml:26:5-110
16-->[com.google.android.gms:play-services-measurement:19.0.0] AndroidManifest.xml:26:22-107
17
18    <application
18-->src\main\AndroidManifest.xml:5:5-26:19
19        android:allowBackup="true"
19-->src\main\AndroidManifest.xml:6:9-35
20        android:appComponentFactory="androidx.core.app.CoreComponentFactory"
20-->[androidx.core:core:1.5.0] AndroidManifest.xml:24:18-86
21        android:icon="@mipmap/icon"
21-->src\main\AndroidManifest.xml:7:9-36
22        android:label="@string/app_name"
22-->src\main\AndroidManifest.xml:8:9-41
23        android:roundIcon="@mipmap/icon"
23-->src\main\AndroidManifest.xml:9:9-41
24        android:supportsRtl="true"
24-->src\main\AndroidManifest.xml:10:9-35
25        android:theme="@style/Theme.MyComfort" >
25-->src\main\AndroidManifest.xml:11:9-47
26        <activity android:name="com.example.mycomfort.RorschachTest" />
26-->src\main\AndroidManifest.xml:12:9-60
26-->src\main\AndroidManifest.xml:12:19-48
27        <activity android:name="com.example.mycomfort.Books" />
27-->src\main\AndroidManifest.xml:13:9-43
27-->src\main\AndroidManifest.xml:13:19-40
28        <activity android:name="com.example.mycomfort.PsyServices" />
28-->src\main\AndroidManifest.xml:14:9-49
28-->src\main\AndroidManifest.xml:14:19-46
29        <activity android:name="com.example.mycomfort.PracticeText" />
29-->src\main\AndroidManifest.xml:15:9-50
29-->src\main\AndroidManifest.xml:15:19-47
30        <activity android:name="com.example.mycomfort.ArticleText" />
30-->src\main\AndroidManifest.xml:16:9-49
30-->src\main\AndroidManifest.xml:16:19-46
31        <activity android:name="com.example.mycomfort.PracticeList" />
31-->src\main\AndroidManifest.xml:17:9-50
31-->src\main\AndroidManifest.xml:17:19-47
32        <activity android:name="com.example.mycomfort.TheoryList" />
32-->src\main\AndroidManifest.xml:18:9-48
32-->src\main\AndroidManifest.xml:18:19-45
33        <activity android:name="com.example.mycomfort.MainWindow" >
33-->src\main\AndroidManifest.xml:19:9-25:20
33-->src\main\AndroidManifest.xml:19:19-45
34            <intent-filter>
34-->src\main\AndroidManifest.xml:20:13-24:29
35                <action android:name="android.intent.action.MAIN" />
35-->src\main\AndroidManifest.xml:21:17-69
35-->src\main\AndroidManifest.xml:21:25-66
36
37                <category android:name="android.intent.category.LAUNCHER" />
37-->src\main\AndroidManifest.xml:23:17-77
37-->src\main\AndroidManifest.xml:23:27-74
38            </intent-filter>
39        </activity>
40
41        <service
41-->[com.google.firebase:firebase-database:20.0.0] AndroidManifest.xml:29:9-35:19
42            android:name="com.google.firebase.components.ComponentDiscoveryService"
42-->[com.google.firebase:firebase-database:20.0.0] AndroidManifest.xml:30:13-84
43            android:directBootAware="true"
43-->[com.google.firebase:firebase-common:20.0.0] AndroidManifest.xml:35:13-43
44            android:exported="false" >
44-->[com.google.firebase:firebase-database:20.0.0] AndroidManifest.xml:31:13-37
45            <meta-data
45-->[com.google.firebase:firebase-database:20.0.0] AndroidManifest.xml:32:13-34:85
46                android:name="com.google.firebase.components:com.google.firebase.database.DatabaseRegistrar"
46-->[com.google.firebase:firebase-database:20.0.0] AndroidManifest.xml:33:17-109
47                android:value="com.google.firebase.components.ComponentRegistrar" />
47-->[com.google.firebase:firebase-database:20.0.0] AndroidManifest.xml:34:17-82
48            <meta-data
48-->[com.google.firebase:firebase-storage:20.0.0] AndroidManifest.xml:33:13-35:85
49                android:name="com.google.firebase.components:com.google.firebase.storage.StorageRegistrar"
49-->[com.google.firebase:firebase-storage:20.0.0] AndroidManifest.xml:34:17-107
50                android:value="com.google.firebase.components.ComponentRegistrar" />
50-->[com.google.firebase:firebase-storage:20.0.0] AndroidManifest.xml:35:17-82
51            <meta-data
51-->[com.google.android.gms:play-services-measurement-api:19.0.0] AndroidManifest.xml:30:13-32:85
52                android:name="com.google.firebase.components:com.google.firebase.analytics.connector.internal.AnalyticsConnectorRegistrar"
52-->[com.google.android.gms:play-services-measurement-api:19.0.0] AndroidManifest.xml:31:17-139
53                android:value="com.google.firebase.components.ComponentRegistrar" />
53-->[com.google.android.gms:play-services-measurement-api:19.0.0] AndroidManifest.xml:32:17-82
54            <meta-data
54-->[com.google.firebase:firebase-installations:17.0.0] AndroidManifest.xml:18:13-20:85
55                android:name="com.google.firebase.components:com.google.firebase.installations.FirebaseInstallationsRegistrar"
55-->[com.google.firebase:firebase-installations:17.0.0] AndroidManifest.xml:19:17-127
56                android:value="com.google.firebase.components.ComponentRegistrar" />
56-->[com.google.firebase:firebase-installations:17.0.0] AndroidManifest.xml:20:17-82
57        </service>
58
59        <receiver
59-->[com.google.android.gms:play-services-measurement:19.0.0] AndroidManifest.xml:29:9-33:20
60            android:name="com.google.android.gms.measurement.AppMeasurementReceiver"
60-->[com.google.android.gms:play-services-measurement:19.0.0] AndroidManifest.xml:30:13-85
61            android:enabled="true"
61-->[com.google.android.gms:play-services-measurement:19.0.0] AndroidManifest.xml:31:13-35
62            android:exported="false" >
62-->[com.google.android.gms:play-services-measurement:19.0.0] AndroidManifest.xml:32:13-37
63        </receiver>
64
65        <service
65-->[com.google.android.gms:play-services-measurement:19.0.0] AndroidManifest.xml:35:9-38:40
66            android:name="com.google.android.gms.measurement.AppMeasurementService"
66-->[com.google.android.gms:play-services-measurement:19.0.0] AndroidManifest.xml:36:13-84
67            android:enabled="true"
67-->[com.google.android.gms:play-services-measurement:19.0.0] AndroidManifest.xml:37:13-35
68            android:exported="false" />
68-->[com.google.android.gms:play-services-measurement:19.0.0] AndroidManifest.xml:38:13-37
69        <service
69-->[com.google.android.gms:play-services-measurement:19.0.0] AndroidManifest.xml:39:9-43:72
70            android:name="com.google.android.gms.measurement.AppMeasurementJobService"
70-->[com.google.android.gms:play-services-measurement:19.0.0] AndroidManifest.xml:40:13-87
71            android:enabled="true"
71-->[com.google.android.gms:play-services-measurement:19.0.0] AndroidManifest.xml:41:13-35
72            android:exported="false"
72-->[com.google.android.gms:play-services-measurement:19.0.0] AndroidManifest.xml:42:13-37
73            android:permission="android.permission.BIND_JOB_SERVICE" />
73-->[com.google.android.gms:play-services-measurement:19.0.0] AndroidManifest.xml:43:13-69
74
75        <provider
75-->[com.google.firebase:firebase-common:20.0.0] AndroidManifest.xml:26:9-31:39
76            android:name="com.google.firebase.provider.FirebaseInitProvider"
76-->[com.google.firebase:firebase-common:20.0.0] AndroidManifest.xml:27:13-77
77            android:authorities="com.example.mycomfort.firebaseinitprovider"
77-->[com.google.firebase:firebase-common:20.0.0] AndroidManifest.xml:28:13-72
78            android:directBootAware="true"
78-->[com.google.firebase:firebase-common:20.0.0] AndroidManifest.xml:29:13-43
79            android:exported="false"
79-->[com.google.firebase:firebase-common:20.0.0] AndroidManifest.xml:30:13-37
80            android:initOrder="100" />
80-->[com.google.firebase:firebase-common:20.0.0] AndroidManifest.xml:31:13-36
81
82        <activity
82-->[com.google.android.gms:play-services-base:17.1.0] AndroidManifest.xml:23:9-26:75
83            android:name="com.google.android.gms.common.api.GoogleApiActivity"
83-->[com.google.android.gms:play-services-base:17.1.0] AndroidManifest.xml:24:13-79
84            android:exported="false"
84-->[com.google.android.gms:play-services-base:17.1.0] AndroidManifest.xml:25:13-37
85            android:theme="@android:style/Theme.Translucent.NoTitleBar" />
85-->[com.google.android.gms:play-services-base:17.1.0] AndroidManifest.xml:26:13-72
86
87        <meta-data
87-->[com.google.android.gms:play-services-basement:17.0.0] AndroidManifest.xml:23:9-25:69
88            android:name="com.google.android.gms.version"
88-->[com.google.android.gms:play-services-basement:17.0.0] AndroidManifest.xml:24:13-58
89            android:value="@integer/google_play_services_version" />
89-->[com.google.android.gms:play-services-basement:17.0.0] AndroidManifest.xml:25:13-66
90    </application>
91
92</manifest>